[WARNING] [stderr] Jun 02, 2025 12:28:54 AM org.cloudbus.cloudsim.examples.nosf.VMFactory createVM
[WARNING] [stderr] INFO: Created new VM vm-1 at time 0.00 with capacity 2000.00 MIPS
[WARNING] [stderr] Scheduled Task T1 on VM vm-1: Start=0.00, End=156.32=156.32, Cost=$0.0087, Energy=15.63 Ws
[WARNING] [stderr] Scheduled Task T2 on VM vm-1: Start=171.32, End=296.80=125.48, Cost=$0.0070, Energy=12.55 Ws
[WARNING] [stderr] Scheduled Task T3 on VM vm-1: Start=296.80, End=432.72=135.92, Cost=$0.0076, Energy=13.59 Ws
[WARNING] [stderr] Scheduled Task T11 on VM vm-1: Start=432.72, End=619.79=187.07, Cost=$0.0104, Energy=18.71 Ws
[WARNING] [stderr] Scheduled Task T19 on VM vm-1: Start=619.79, End=827.21=207.42, Cost=$0.0115, Energy=20.74 Ws
[WARNING] [stderr] Jun 02, 2025 12:28:54 AM org.cloudbus.cloudsim.examples.nosf.VMFactory createVM
[WARNING] [stderr] INFO: Created new VM vm-2 at time 300.00 with capacity 2000.00 MIPS
[WARNING] [stderr] Scheduled Task T27 on VM vm-2: Start=300.00, End=497.21=197.21, Cost=$0.0110, Energy=19.72 Ws
[WARNING] [stderr] Scheduled Task T4 on VM vm-2: Start=497.21, End=602.21=105.00, Cost=$0.0058, Energy=10.50 Ws
[WARNING] [stderr] Scheduled Task T28 on VM vm-2: Start=602.21, End=722.41=120.20, Cost=$0.0067, Energy=12.02 Ws
[WARNING] [stderr] Scheduled Task T29 on VM vm-2: Start=722.41, End=873.73=151.32, Cost=$0.0084, Energy=15.13 Ws
[WARNING] [stderr] Jun 02, 2025 12:28:54 AM org.cloudbus.cloudsim.examples.nosf.VMFactory createVM
[WARNING] [stderr] INFO: Created new VM vm-3 at time 610.21 with capacity 2000.00 MIPS
[WARNING] [stderr] Scheduled Task T6 on VM vm-3: Start=610.21, End=704.68=94.47, Cost=$0.0052, Energy=9.45 Ws
[WARNING] [stderr] Jun 02, 2025 12:28:54 AM org.cloudbus.cloudsim.examples.nosf.VMFactory createVM
[WARNING] [stderr] INFO: Created new VM vm-4 at time 610.21 with capacity 2000.00 MIPS
[WARNING] [stderr] Scheduled Task T12 on VM vm-4: Start=637.79, End=752.79=115.00, Cost=$0.0064, Energy=11.50 Ws
[WARNING] [stderr] Scheduled Task T5 on VM vm-3: Start=704.68, End=850.85=146.16, Cost=$0.0081, Energy=14.62 Ws
[WARNING] [stderr] Scheduled Task T13 on VM vm-4: Start=752.79, End=898.95=146.16, Cost=$0.0081, Energy=14.62 Ws
[WARNING] [stderr] Scheduled Task T7 on VM vm-3: Start=864.85, End=980.14=115.29, Cost=$0.0064, Energy=11.53 Ws
[WARNING] [stderr] Scheduled Task T20 on VM vm-1: Start=847.21, End=982.86=135.66, Cost=$0.0075, Energy=13.57 Ws
[WARNING] [stderr] Scheduled Task T30 on VM vm-2: Start=886.73, End=996.53=109.80, Cost=$0.0061, Energy=10.98 Ws
[WARNING] [stderr] Jun 02, 2025 12:28:54 AM org.cloudbus.cloudsim.examples.nosf.VMFactory createVM
[WARNING] [stderr] INFO: Created new VM vm-5 at time 847.21 with capacity 2000.00 MIPS
[WARNING] [stderr] Scheduled Task T14 on VM vm-5: Start=911.95, End=1011.64=99.69, Cost=$0.0055, Energy=9.97 Ws
[WARNING] [stderr] Scheduled Task T21 on VM vm-4: Start=898.95, End=1065.43=166.48, Cost=$0.0092, Energy=16.65 Ws
[WARNING] [stderr] Scheduled Task T9 on VM vm-1: Start=989.14, End=1073.38=84.24, Cost=$0.0047, Energy=8.42 Ws
[WARNING] [stderr] Scheduled Task T32 on VM vm-2: Start=1004.53, End=1104.11=99.58, Cost=$0.0055, Energy=9.96 Ws
[WARNING] [stderr] Jun 02, 2025 12:28:54 AM org.cloudbus.cloudsim.examples.nosf.VMFactory createVM
[WARNING] [stderr] INFO: Created new VM vm-6 at time 989.14 with capacity 2000.00 MIPS
[WARNING] [stderr] Scheduled Task T16 on VM vm-6: Start=1018.64, End=1107.89=89.24, Cost=$0.0050, Energy=8.92 Ws
[WARNING] [stderr] Scheduled Task T31 on VM vm-3: Start=1004.53, End=1135.10=130.57, Cost=$0.0073, Energy=13.06 Ws
[WARNING] [stderr] Scheduled Task T15 on VM vm-5: Start=1018.64, End=1144.12=125.48, Cost=$0.0070, Energy=12.55 Ws
[WARNING] [stderr] Scheduled Task T8 on VM vm-4: Start=1065.43, End=1232.14=166.71, Cost=$0.0093, Energy=16.67 Ws
[WARNING] [stderr] Jun 02, 2025 12:28:54 AM org.cloudbus.cloudsim.examples.nosf.VMFactory createVM
[WARNING] [stderr] INFO: Created new VM vm-7 at time 1079.43 with capacity 2000.00 MIPS
[WARNING] [stderr] Scheduled Task T22 on VM vm-7: Start=1079.43, End=1184.43=105.00, Cost=$0.0058, Energy=10.50 Ws
[WARNING] [stderr] Jun 02, 2025 12:28:54 AM org.cloudbus.cloudsim.examples.nosf.VMFactory createVM
[WARNING] [stderr] INFO: Created new VM vm-8 at time 1146.10 with capacity 2000.00 MIPS
[WARNING] [stderr] Scheduled Task T24 on VM vm-8: Start=1192.43, End=1286.91=94.47, Cost=$0.0052, Energy=9.45 Ws
[WARNING] [stderr] Scheduled Task T33 on VM vm-5: Start=1146.10, End=1287.10=141.00, Cost=$0.0078, Energy=14.10 Ws
[WARNING] [stderr] Scheduled Task T17 on VM vm-3: Start=1154.12, End=1290.04=135.92, Cost=$0.0076, Energy=13.59 Ws
[WARNING] [stderr] Scheduled Task T10 on VM vm-4: Start=1248.14, End=1322.02=73.87, Cost=$0.0041, Energy=7.39 Ws
[WARNING] [stderr] Jun 02, 2025 12:28:54 AM org.cloudbus.cloudsim.examples.nosf.VMFactory releaseVM
[WARNING] [stderr] INFO: Released VM vm-4 at time 1192.43
[WARNING] [stderr] Scheduled Task T23 on VM vm-7: Start=1192.43, End=1338.60=146.16, Cost=$0.0081, Energy=14.62 Ws
[WARNING] [stderr] Scheduled Task T35 on VM vm-3: Start=1299.10, End=1388.45=89.36, Cost=$0.0050, Energy=8.94 Ws
[WARNING] [stderr] Scheduled Task T18 on VM vm-5: Start=1302.04, End=1458.36=156.32, Cost=$0.0087, Energy=15.63 Ws
[WARNING] [stderr] Jun 02, 2025 12:28:54 AM org.cloudbus.cloudsim.examples.nosf.VMFactory releaseVM
[WARNING] [stderr] INFO: Released VM vm-5 at time 1299.10
[WARNING] [stderr] Scheduled Task T25 on VM vm-7: Start=1350.60, End=1465.89=115.29, Cost=$0.0064, Energy=11.53 Ws
[WARNING] [stderr] Scheduled Task T34 on VM vm-8: Start=1299.10, End=1470.88=171.78, Cost=$0.0095, Energy=17.18 Ws
[WARNING] [stderr] Scheduled Task T36 on VM vm-8: Start=1486.88, End=1565.88=79.00, Cost=$0.0044, Energy=7.90 Ws
[WARNING] [stderr] Jun 02, 2025 12:28:54 AM org.cloudbus.cloudsim.examples.nosf.VMFactory releaseVM
[WARNING] [stderr] INFO: Released VM vm-8 at time 1474.89
[WARNING] [stderr] Scheduled Task T26 on VM vm-7: Start=1474.89, End=1651.82=176.93, Cost=$0.0098, Energy=17.69 Ws
[WARNING] [stderr] Jun 02, 2025 12:28:54 AM org.cloudbus.cloudsim.examples.nosf.VMFactory releaseVM
[WARNING] [stderr] INFO: Released VM vm-7 at time 1651.82
[WARNING] [stderr]
=== Comprehensive Simulation Summary ===
[WARNING] [stderr] Simulation Duration: 1651.82 sec
[WARNING] [stderr] Total VM Rental Cost: $0.26
[WARNING] [stderr] Total Energy Consumption: 469.56 Watt-seconds
[WARNING] [stderr] Resource Utilization Efficiency: 71.07%
[WARNING] [stderr] Deadline Violation Probability: 0%
[WARNING] [stderr]
Workflow Details:
[WARNING] [stderr]   Workflow: wf1
[WARNING] [stderr]     Arrival Time: 0 sec
[WARNING] [stderr]     Deadline: 2500 sec
[WARNING] [stderr]     Makespan: 1322.02 sec
[WARNING] [stderr]     Status: Met
[WARNING] [stderr]     Tasks:
[WARNING] [stderr]       Task T1: Sub-Deadline=448.40 sec, Start=0.00 sec, End=156.32 sec, Execution=156.32 sec, VM=vm-1, Cost=$0.0087, Energy=15.63 Ws
[WARNING] [stderr]       Task T2: Sub-Deadline=620.74 sec, Start=171.32 sec, End=296.80 sec, Execution=125.48 sec, VM=vm-1, Cost=$0.0070, Energy=12.55 Ws
[WARNING] [stderr]       Task T3: Sub-Deadline=653.15 sec, Start=296.80 sec, End=432.72 sec, Execution=135.92 sec, VM=vm-1, Cost=$0.0076, Energy=13.59 Ws
[WARNING] [stderr]       Task T4: Sub-Deadline=756.42 sec, Start=497.21 sec, End=602.21 sec, Execution=105.00 sec, VM=vm-2, Cost=$0.0058, Energy=10.50 Ws
[WARNING] [stderr]       Task T5: Sub-Deadline=1059.78 sec, Start=704.68 sec, End=850.85 sec, Execution=146.16 sec, VM=vm-3, Cost=$0.0081, Energy=14.62 Ws
[WARNING] [stderr]       Task T6: Sub-Deadline=876.80 sec, Start=610.21 sec, End=704.68 sec, Execution=94.47 sec, VM=vm-3, Cost=$0.0052, Energy=9.45 Ws
[WARNING] [stderr]       Task T7: Sub-Deadline=1157.56 sec, Start=864.85 sec, End=980.14 sec, Execution=115.29 sec, VM=vm-3, Cost=$0.0064, Energy=11.53 Ws
[WARNING] [stderr]       Task T8: Sub-Deadline=1537.45 sec, Start=1065.43 sec, End=1232.14 sec, Execution=166.71 sec, VM=vm-4, Cost=$0.0093, Energy=16.67 Ws
[WARNING] [stderr]       Task T9: Sub-Deadline=1205.11 sec, Start=989.14 sec, End=1073.38 sec, Execution=84.24 sec, VM=vm-1, Cost=$0.0047, Energy=8.42 Ws
[WARNING] [stderr]       Task T10: Sub-Deadline=1377.40 sec, Start=1248.14 sec, End=1322.02 sec, Execution=73.87 sec, VM=vm-4, Cost=$0.0041, Energy=7.39 Ws
[WARNING] [stderr]   Workflow: wf2
[WARNING] [stderr]     Arrival Time: 100 sec
[WARNING] [stderr]     Deadline: 2700 sec
[WARNING] [stderr]     Makespan: 1458.36 sec
[WARNING] [stderr]     Status: Met
[WARNING] [stderr]     Tasks:
[WARNING] [stderr]       Task T11: Sub-Deadline=776.72 sec, Start=432.72 sec, End=619.79 sec, Execution=187.07 sec, VM=vm-1, Cost=$0.0104, Energy=18.71 Ws
[WARNING] [stderr]       Task T12: Sub-Deadline=804.75 sec, Start=637.79 sec, End=752.79 sec, Execution=115.00 sec, VM=vm-4, Cost=$0.0064, Energy=11.50 Ws
[WARNING] [stderr]       Task T13: Sub-Deadline=926.52 sec, Start=752.79 sec, End=898.95 sec, Execution=146.16 sec, VM=vm-4, Cost=$0.0081, Energy=14.62 Ws
[WARNING] [stderr]       Task T14: Sub-Deadline=950.49 sec, Start=911.95 sec, End=1011.64 sec, Execution=99.69 sec, VM=vm-5, Cost=$0.0055, Energy=9.97 Ws
[WARNING] [stderr]       Task T15: Sub-Deadline=1207.16 sec, Start=1018.64 sec, End=1144.12 sec, Execution=125.48 sec, VM=vm-5, Cost=$0.0070, Energy=12.55 Ws
[WARNING] [stderr]       Task T16: Sub-Deadline=1049.63 sec, Start=1018.64 sec, End=1107.89 sec, Execution=89.24 sec, VM=vm-6, Cost=$0.0050, Energy=8.92 Ws
[WARNING] [stderr]       Task T17: Sub-Deadline=1440.96 sec, Start=1154.12 sec, End=1290.04 sec, Execution=135.92 sec, VM=vm-3, Cost=$0.0076, Energy=13.59 Ws
[WARNING] [stderr]       Task T18: Sub-Deadline=1748.34 sec, Start=1302.04 sec, End=1458.36 sec, Execution=156.32 sec, VM=vm-5, Cost=$0.0087, Energy=15.63 Ws
[WARNING] [stderr]   Workflow: wf3
[WARNING] [stderr]     Arrival Time: 200 sec
[WARNING] [stderr]     Deadline: 3000 sec
[WARNING] [stderr]     Makespan: 1651.82 sec
[WARNING] [stderr]     Status: Met
[WARNING] [stderr]     Tasks:
[WARNING] [stderr]       Task T19: Sub-Deadline=944.77 sec, Start=619.79 sec, End=827.21 sec, Execution=207.42 sec, VM=vm-1, Cost=$0.0115, Energy=20.74 Ws
[WARNING] [stderr]       Task T20: Sub-Deadline=1006.55 sec, Start=847.21 sec, End=982.86 sec, Execution=135.66 sec, VM=vm-1, Cost=$0.0075, Energy=13.57 Ws
[WARNING] [stderr]       Task T21: Sub-Deadline=1126.58 sec, Start=898.95 sec, End=1065.43 sec, Execution=166.48 sec, VM=vm-4, Cost=$0.0092, Energy=16.65 Ws
[WARNING] [stderr]       Task T22: Sub-Deadline=1116.23 sec, Start=1079.43 sec, End=1184.43 sec, Execution=105.00 sec, VM=vm-7, Cost=$0.0058, Energy=10.50 Ws
[WARNING] [stderr]       Task T23: Sub-Deadline=1448.85 sec, Start=1192.43 sec, End=1338.60 sec, Execution=146.16 sec, VM=vm-7, Cost=$0.0081, Energy=14.62 Ws
[WARNING] [stderr]       Task T24: Sub-Deadline=1224.13 sec, Start=1192.43 sec, End=1286.91 sec, Execution=94.47 sec, VM=vm-8, Cost=$0.0052, Energy=9.45 Ws
[WARNING] [stderr]       Task T25: Sub-Deadline=1515.17 sec, Start=1350.60 sec, End=1465.89 sec, Execution=115.29 sec, VM=vm-7, Cost=$0.0064, Energy=11.53 Ws
[WARNING] [stderr]       Task T26: Sub-Deadline=1989.69 sec, Start=1474.89 sec, End=1651.82 sec, Execution=176.93 sec, VM=vm-7, Cost=$0.0098, Energy=17.69 Ws
[WARNING] [stderr]   Workflow: wf4
[WARNING] [stderr]     Arrival Time: 300 sec
[WARNING] [stderr]     Deadline: 3200 sec
[WARNING] [stderr]     Makespan: 1565.88 sec
[WARNING] [stderr]     Status: Met
[WARNING] [stderr]     Tasks:
[WARNING] [stderr]       Task T27: Sub-Deadline=937.59 sec, Start=300.00 sec, End=497.21 sec, Execution=197.21 sec, VM=vm-2, Cost=$0.0110, Energy=19.72 Ws
[WARNING] [stderr]       Task T28: Sub-Deadline=980.87 sec, Start=602.21 sec, End=722.41 sec, Execution=120.20 sec, VM=vm-2, Cost=$0.0067, Energy=12.02 Ws
[WARNING] [stderr]       Task T29: Sub-Deadline=1089.14 sec, Start=722.41 sec, End=873.73 sec, Execution=151.32 sec, VM=vm-2, Cost=$0.0084, Energy=15.13 Ws
[WARNING] [stderr]       Task T30: Sub-Deadline=1153.34 sec, Start=886.73 sec, End=996.53 sec, Execution=109.80 sec, VM=vm-2, Cost=$0.0061, Energy=10.98 Ws
[WARNING] [stderr]       Task T31: Sub-Deadline=1387.86 sec, Start=1004.53 sec, End=1135.10 sec, Execution=130.57 sec, VM=vm-3, Cost=$0.0073, Energy=13.06 Ws
[WARNING] [stderr]       Task T32: Sub-Deadline=1268.13 sec, Start=1004.53 sec, End=1104.11 sec, Execution=99.58 sec, VM=vm-2, Cost=$0.0055, Energy=9.96 Ws
[WARNING] [stderr]       Task T33: Sub-Deadline=1617.48 sec, Start=1146.10 sec, End=1287.10 sec, Execution=141.00 sec, VM=vm-5, Cost=$0.0078, Energy=14.10 Ws
[WARNING] [stderr]       Task T34: Sub-Deadline=1960.47 sec, Start=1299.10 sec, End=1470.88 sec, Execution=171.78 sec, VM=vm-8, Cost=$0.0095, Energy=17.18 Ws
[WARNING] [stderr]       Task T35: Sub-Deadline=1600.06 sec, Start=1299.10 sec, End=1388.45 sec, Execution=89.36 sec, VM=vm-3, Cost=$0.0050, Energy=8.94 Ws
[WARNING] [stderr]       Task T36: Sub-Deadline=1771.39 sec, Start=1486.88 sec, End=1565.88 sec, Execution=79.00 sec, VM=vm-8, Cost=$0.0044, Energy=7.90 Ws
[WARNING] [stderr]
VM Usage Details:
[WARNING] [stderr]   VM vm-1: Capacity=2000.00 MIPS, Active Time=1032.10 sec, Idle Time=41.28 sec, Energy=103.21 Ws, Cost=$0.0573
[WARNING] [stderr]   VM vm-2: Capacity=2000.00 MIPS, Active Time=783.11 sec, Idle Time=21.00 sec, Energy=78.31 Ws, Cost=$0.0435
[WARNING] [stderr]   VM vm-3: Capacity=2000.00 MIPS, Active Time=711.77 sec, Idle Time=66.47 sec, Energy=71.18 Ws, Cost=$0.0395
[WARNING] [stderr]   VM vm-6: Capacity=2000.00 MIPS, Active Time=89.24 sec, Idle Time=0.00 sec, Energy=8.92 Ws, Cost=$0.0050
[WARNING] [stderr]
Advanced Performance Metrics:
[WARNING] [stderr]   Average Task Execution Delay: 6.96 sec
[WARNING] [stderr]   Average VM Idle Time: 32.19 sec
[WARNING] [stderr]   Total Data Transfer Time: 396 sec
[WARNING] [stderr]   Number of VMs Used: 4
[INFO] ------------------------------------------------------------------------
[INFO] BUILD SUCCESS
[INFO] ------------------------------------------------------------------------
[INFO] Total time:  0.638 s (Wall Clock)
[INFO] Finished at: 2025-06-02T00:28:54+03:30
[INFO] ------------------------------------------------------------------------